# JRE version: Java(TM) SE Runtime Environment (17.0.16+12) (build 17.0.16+12-LTS-247)
# Java VM: Java HotSpot(TM) 64-Bit Server VM (17.0.16+12-LTS-247, mixed mode, sharing, tiered, compressed oops, compressed class ptrs, g1 gc, windows-amd64)
GC Precious Log:
 CPUs: 16 total, 16 available
 Memory: 7860M
 Large Page Support: Disabled
 NUMA Support: Disabled
 Compressed Oops: Enabled (32-bit)
 Heap Region Size: 1M
 Heap Min Capacity: 8M
 Heap Initial Capacity: 124M
 Heap Max Capacity: 1966M
 Pre-touch: Disabled
 Parallel Workers: 13
 Concurrent Workers: 3
 Concurrent Refinement Workers: 13
 Periodic GC: Disabled
Heap:
 garbage-first heap   total 81920K, used 26677K [0x0000000085200000, 0x0000000100000000)
  region size 1024K, 8 young (8192K), 3 survivors (3072K)
 Metaspace       used 36449K, committed 36928K, reserved 1114112K
  class space    used 4769K, committed 4992K, reserved 1048576K
GC Heap History (18 events):
Event: 0.991 GC heap before
{Heap before GC invocations=0 (full 0):
 garbage-first heap   total 126976K, used 24576K [0x0000000085200000, 0x0000000100000000)
  region size 1024K, 23 young (23552K), 0 survivors (0K)
 Metaspace       used 8246K, committed 8448K, reserved 1114112K
  class space    used 950K, committed 1024K, reserved 1048576K
}
Event: 0.999 GC heap after
{Heap after GC invocations=1 (full 0):
 garbage-first heap   total 126976K, used 8868K [0x0000000085200000, 0x0000000100000000)
  region size 1024K, 3 young (3072K), 3 survivors (3072K)
 Metaspace       used 8246K, committed 8448K, reserved 1114112K
  class space    used 950K, committed 1024K, reserved 1048576K
}
Event: 1.469 GC heap before
{Heap before GC invocations=1 (full 0):
 garbage-first heap   total 126976K, used 32420K [0x0000000085200000, 0x0000000100000000)
  region size 1024K, 27 young (27648K), 3 survivors (3072K)
 Metaspace       used 14287K, committed 14592K, reserved 1114112K
  class space    used 1794K, committed 1920K, reserved 1048576K
}
Event: 1.474 GC heap after
{Heap after GC invocations=2 (full 0):
 garbage-first heap   total 126976K, used 11096K [0x0000000085200000, 0x0000000100000000)
  region size 1024K, 2 young (2048K), 2 survivors (2048K)
 Metaspace       used 14287K, committed 14592K, reserved 1114112K
  class space    used 1794K, committed 1920K, reserved 1048576K
}
Event: 2.296 GC heap before
{Heap before GC invocations=2 (full 0):
 garbage-first heap   total 126976K, used 40792K [0x0000000085200000, 0x0000000100000000)
  region size 1024K, 33 young (33792K), 2 survivors (2048K)
 Metaspace       used 21085K, committed 21504K, reserved 1114112K
  class space    used 2643K, committed 2816K, reserved 1048576K
}
Event: 2.361 GC heap after
{Heap after GC invocations=3 (full 0):
 garbage-first heap   total 126976K, used 13717K [0x0000000085200000, 0x0000000100000000)
  region size 1024K, 5 young (5120K), 5 survivors (5120K)
 Metaspace       used 21085K, committed 21504K, reserved 1114112K
  class space    used 2643K, committed 2816K, reserved 1048576K
}
Event: 6.524 GC heap before
{Heap before GC invocations=4 (full 0):
 garbage-first heap   total 55296K, used 40341K [0x0000000085200000, 0x0000000100000000)
  region size 1024K, 32 young (32768K), 5 survivors (5120K)
 Metaspace       used 23809K, committed 24192K, reserved 1114112K
  class space    used 2961K, committed 3136K, reserved 1048576K
}
Event: 6.529 GC heap after
{Heap after GC invocations=5 (full 0):
 garbage-first heap   total 55296K, used 15963K [0x0000000085200000, 0x0000000100000000)
  region size 1024K, 3 young (3072K), 3 survivors (3072K)
 Metaspace       used 23809K, committed 24192K, reserved 1114112K
  class space    used 2961K, committed 3136K, reserved 1048576K
}
Event: 6.540 GC heap before
{Heap before GC invocations=5 (full 0):
 garbage-first heap   total 55296K, used 15963K [0x0000000085200000, 0x0000000100000000)
  region size 1024K, 4 young (4096K), 3 survivors (3072K)
 Metaspace       used 23841K, committed 24256K, reserved 1114112K
  class space    used 2965K, committed 3136K, reserved 1048576K
}
Event: 6.543 GC heap after
{Heap after GC invocations=6 (full 0):
 garbage-first heap   total 55296K, used 16493K [0x0000000085200000, 0x0000000100000000)
  region size 1024K, 1 young (1024K), 1 survivors (1024K)
 Metaspace       used 23841K, committed 24256K, reserved 1114112K
  class space    used 2965K, committed 3136K, reserved 1048576K
}
Event: 6.958 GC heap before
{Heap before GC invocations=6 (full 0):
 garbage-first heap   total 55296K, used 36973K [0x0000000085200000, 0x0000000100000000)
  region size 1024K, 21 young (21504K), 1 survivors (1024K)
 Metaspace       used 26806K, committed 27264K, reserved 1114112K
  class space    used 3384K, committed 3584K, reserved 1048576K
}
Event: 6.962 GC heap after
{Heap after GC invocations=7 (full 0):
 garbage-first heap   total 55296K, used 17699K [0x0000000085200000, 0x0000000100000000)
  region size 1024K, 2 young (2048K), 2 survivors (2048K)
 Metaspace       used 26806K, committed 27264K, reserved 1114112K
  class space    used 3384K, committed 3584K, reserved 1048576K
}
Event: 7.418 GC heap before
{Heap before GC invocations=7 (full 0):
 garbage-first heap   total 55296K, used 39203K [0x0000000085200000, 0x0000000100000000)
  region size 1024K, 23 young (23552K), 2 survivors (2048K)
 Metaspace       used 29766K, committed 30272K, reserved 1114112K
  class space    used 3827K, committed 4096K, reserved 1048576K
}
Event: 7.424 GC heap after
{Heap after GC invocations=8 (full 0):
 garbage-first heap   total 55296K, used 19731K [0x0000000085200000, 0x0000000100000000)
  region size 1024K, 3 young (3072K), 3 survivors (3072K)
 Metaspace       used 29766K, committed 30272K, reserved 1114112K
  class space    used 3827K, committed 4096K, reserved 1048576K
}
Event: 7.876 GC heap before
{Heap before GC invocations=8 (full 0):
 garbage-first heap   total 55296K, used 39187K [0x0000000085200000, 0x0000000100000000)
  region size 1024K, 22 young (22528K), 3 survivors (3072K)
 Metaspace       used 33496K, committed 33984K, reserved 1114112K
  class space    used 4311K, committed 4544K, reserved 1048576K
}
Event: 7.882 GC heap after
{Heap after GC invocations=9 (full 0):
 garbage-first heap   total 92160K, used 21526K [0x0000000085200000, 0x0000000100000000)
  region size 1024K, 2 young (2048K), 2 survivors (2048K)
 Metaspace       used 33496K, committed 33984K, reserved 1114112K
  class space    used 4311K, committed 4544K, reserved 1048576K
}
Event: 8.255 GC heap before
{Heap before GC invocations=9 (full 0):
 garbage-first heap   total 92160K, used 33814K [0x0000000085200000, 0x0000000100000000)
  region size 1024K, 15 young (15360K), 2 survivors (2048K)
 Metaspace       used 35497K, committed 35968K, reserved 1114112K
  class space    used 4611K, committed 4864K, reserved 1048576K
}
Event: 8.259 GC heap after
{Heap after GC invocations=10 (full 0):
 garbage-first heap   total 92160K, used 22581K [0x0000000085200000, 0x0000000100000000)
  region size 1024K, 3 young (3072K), 3 survivors (3072K)
 Metaspace       used 35497K, committed 35968K, reserved 1114112K
  class space    used 4611K, committed 4864K, reserved 1048576K
}

